/Users/admin/Downloads/Luna El Misterio de Calenda - Temporada 2 [HDTV][Cap.203][Español Castellano].torrent -- watch/Luna El Misterio de Calenda - Temporada 2 [HDTV][Cap.203][Español Castellano].torrent
/Users/admin/Downloads/Luna El Misterio de Calenda - Temporada 2 [HDTV][Cap.203][Español Castellano].torrent -- watch/Luna El Misterio de Calenda - Temporada 2 [HDTV][Cap.203][Español Castellano].torrent
/Users/admin/Downloads/Justified - Temporada 3 [HDTV][Cap.303][Español Castellano].torrent -- watch/Justified - Temporada 3 [HDTV][Cap.303][Español Castellano].torrent
/Users/admin/Downloads/Justified - Temporada 3 [HDTV][Cap.303][Español Castellano].torrent -- watch/Justified - Temporada 3 [HDTV][Cap.303][Español Castellano].torrent
/Users/admin/Downloads/Eureka - Temporada 5 [HDTV][Cap.508][Español Castellano].torrent -- watch/Eureka - Temporada 5 [HDTV][Cap.508][Español Castellano].torrent
/Users/admin/Downloads/Eureka - Temporada 5 [HDTV][Cap.508][Español Castellano].torrent -- watch/Eureka - Temporada 5 [HDTV][Cap.508][Español Castellano].torrent
/Users/admin/Downloads/Vaya Vecinos - Temporada 1 [HDTV][Cap.114][Español Castellano].torrent -- watch/Vaya Vecinos - Temporada 1 [HDTV][Cap.114][Español Castellano].torrent
/Users/admin/Downloads/Vaya Vecinos - Temporada 1 [HDTV][Cap.114][Español Castellano].torrent -- watch/Vaya Vecinos - Temporada 1 [HDTV][Cap.114][Español Castellano].torrent
/Users/admin/Downloads/Ladron De Guante Blanco - Temp.4 [HDTV][Cap.411][Español Castellano].torrent -- watch/Ladron De Guante Blanco - Temp.4 [HDTV][Cap.411][Español Castellano].torrent
/Users/admin/Downloads/Ladron De Guante Blanco - Temp.4 [HDTV][Cap.411][Español Castellano].torrent -- watch/Ladron De Guante Blanco - Temp.4 [HDTV][Cap.411][Español Castellano].torrent
/Users/admin/Downloads/La teniente O'Neil [MicroHD][1080 px][AC3 5.1-Castellano-Ingles Subs].torrent -- watch/La teniente O'Neil [MicroHD][1080 px][AC3 5.1-Castellano-Ingles Subs].torrent
/Users/admin/Downloads/La teniente O'Neil [MicroHD][1080 px][AC3 5.1-Castellano-Ingles Subs].torrent -- watch/La teniente O'Neil [MicroHD][1080 px][AC3 5.1-Castellano-Ingles Subs].torrent
/Users/admin/Downloads/Windows 8 Pro   Suite Programas Desatendidos WPI 2013 (Retail B.9200)[DVD5][.ISO-4,37GB][x86][Español].torrent -- watch/Windows 8 Pro   Suite Programas Desatendidos WPI 2013 (Retail B.9200)[DVD5][.ISO-4,37GB][x86][Español].torrent
/Users/admin/Downloads/Windows 8 Pro   Suite Programas Desatendidos WPI 2013 (Retail B.9200)[DVD5][.ISO-4,37GB][x86][Español].torrent -- watch/Windows 8 Pro   Suite Programas Desatendidos WPI 2013 (Retail B.9200)[DVD5][.ISO-4,37GB][x86][Español].torrent
/Users/admin/Downloads/Windows XP Sp3 uE v2 [Espanol].torrent -- watch/Windows XP Sp3 uE v2 [Espanol].torrent
/Users/admin/Downloads/Windows XP Sp3 uE v2 [Espanol].torrent -- watch/Windows XP Sp3 uE v2 [Espanol].torrent
/Users/admin/Downloads/Asesinos de reemplazo [MicroHD][1080 px][AC3 5.1-Castellano-Ingles Subs].torrent -- watch/Asesinos de reemplazo [MicroHD][1080 px][AC3 5.1-Castellano-Ingles Subs].torrent
/Users/admin/Downloads/Asesinos de reemplazo [MicroHD][1080 px][AC3 5.1-Castellano-Ingles Subs].torrent -- watch/Asesinos de reemplazo [MicroHD][1080 px][AC3 5.1-Castellano-Ingles Subs].torrent
/Users/admin/Downloads/La Noche De Jose Mota - Temporada 4 [HDTV][Cap.404][Español Castellano].torrent -- watch/La Noche De Jose Mota - Temporada 4 [HDTV][Cap.404][Español Castellano].torrent
/Users/admin/Downloads/La Noche De Jose Mota - Temporada 4 [HDTV][Cap.404][Español Castellano].torrent -- watch/La Noche De Jose Mota - Temporada 4 [HDTV][Cap.404][Español Castellano].torrent
/Users/admin/Downloads/Blue Bloods - Temporada 3 [HDTV][Cap.308][Español Castellano].torrent -- watch/Blue Bloods - Temporada 3 [HDTV][Cap.308][Español Castellano].torrent
/Users/admin/Downloads/Blue Bloods - Temporada 3 [HDTV][Cap.308][Español Castellano].torrent -- watch/Blue Bloods - Temporada 3 [HDTV][Cap.308][Español Castellano].torrent
/Users/admin/Downloads/Cronicas Vampiricas - Temporada 4 [HDTV][Cap.406][Español Castellano].torrent -- watch/Cronicas Vampiricas - Temporada 4 [HDTV][Cap.406][Español Castellano].torrent
/Users/admin/Downloads/Cronicas Vampiricas - Temporada 4 [HDTV][Cap.406][Español Castellano].torrent -- watch/Cronicas Vampiricas - Temporada 4 [HDTV][Cap.406][Español Castellano].torrent
/Users/admin/Downloads/Girls - Temporada 2 [HDTV][Cap.203][Español Castellano].torrent -- watch/Girls - Temporada 2 [HDTV][Cap.203][Español Castellano].torrent
/Users/admin/Downloads/Girls - Temporada 2 [HDTV][Cap.203][Español Castellano].torrent -- watch/Girls - Temporada 2 [HDTV][Cap.203][Español Castellano].torrent
/Users/admin/Downloads/Person Of Interest - Temp.2 [HDTV][Cap.216][Español Castellano].torrent -- watch/Person Of Interest - Temp.2 [HDTV][Cap.216][Español Castellano].torrent
/Users/admin/Downloads/Person Of Interest - Temp.2 [HDTV][Cap.216][Español Castellano].torrent -- watch/Person Of Interest - Temp.2 [HDTV][Cap.216][Español Castellano].torrent
/Users/admin/Downloads/ScribblenautsUnlimitedMAC.torrent -- watch/ScribblenautsUnlimitedMAC.torrent
/Users/admin/Downloads/ScribblenautsUnlimitedMAC.torrent -- watch/ScribblenautsUnlimitedMAC.torrent
/Users/admin/Downloads/La Lista De Schindler [MicroHD][1080 px][AC3 5.1-Castellano-Ingles Subs].torrent -- watch/La Lista De Schindler [MicroHD][1080 px][AC3 5.1-Castellano-Ingles Subs].torrent
/Users/admin/Downloads/La Lista De Schindler [MicroHD][1080 px][AC3 5.1-Castellano-Ingles Subs].torrent -- watch/La Lista De Schindler [MicroHD][1080 px][AC3 5.1-Castellano-Ingles Subs].torrent
/Users/admin/Downloads/Uno De Los Nuestros [MicroHD][1080 px][AC3 5.1-Castellano-Ingles Subs].torrent -- watch/Uno De Los Nuestros [MicroHD][1080 px][AC3 5.1-Castellano-Ingles Subs].torrent
/Users/admin/Downloads/Uno De Los Nuestros [MicroHD][1080 px][AC3 5.1-Castellano-Ingles Subs].torrent -- watch/Uno De Los Nuestros [MicroHD][1080 px][AC3 5.1-Castellano-Ingles Subs].torrent
/Users/admin/Downloads/[kat.ph]mac.game.starcraft.broodwars.spanish.torrent -- watch/[kat.ph]mac.game.starcraft.broodwars.spanish.torrent
/Users/admin/Downloads/[kat.ph]mac.game.starcraft.broodwars.spanish.torrent -- watch/[kat.ph]mac.game.starcraft.broodwars.spanish.torrent
/Users/admin/Downloads/Las Reglas Del Juego - Temporada 5 [HDTV][Cap.512][Español Castellano].torrent -- watch/Las Reglas Del Juego - Temporada 5 [HDTV][Cap.512][Español Castellano].torrent
/Users/admin/Downloads/Las Reglas Del Juego - Temporada 5 [HDTV][Cap.512][Español Castellano].torrent -- watch/Las Reglas Del Juego - Temporada 5 [HDTV][Cap.512][Español Castellano].torrent
/Users/admin/Downloads/Argo (Ver.Extendida) [BluRayRIP][AC3 5.1 Español Castellano][2013].torrent -- watch/Argo (Ver.Extendida) [BluRayRIP][AC3 5.1 Español Castellano][2013].torrent
/Users/admin/Downloads/Argo (Ver.Extendida) [BluRayRIP][AC3 5.1 Español Castellano][2013].torrent -- watch/Argo (Ver.Extendida) [BluRayRIP][AC3 5.1 Español Castellano][2013].torrent
